<?xml version="1.0" encoding="UTF-8" ?>
<testsuite errors="0" failures="0" hostname="E320" name="myatm.ATMTest" skipped="0" tests="9" time="0.289" timestamp="2013-11-17T13:17:10">
  <properties>
    <property name="default.javac.source" value="1.7" />
    <property name="file.encoding.pkg" value="sun.io" />
    <property name="javac.source" value="1.6" />
    <property name="netbeans.system_http_proxy" value="DIRECT" />
    <property name="java.home" value="/usr/lib/jvm/java-7-oracle/jre" />
    <property name="do.archive+manifest.available+main.class" value="true" />
    <property name="test.src.dir" value="test" />
    <property name="javadoc.version" value="false" />
    <property name="libs.CopyLibs.classpath" value="/usr/share/netbeans/7.0.1/java/ant/extra/org-netbeans-modules-java-j2seproject-copylibstask.jar" />
    <property name="libs.javac-api.src" value="" />
    <property name="sun.font.fontmanager" value="sun.awt.X11FontManager" />
    <property name="java.endorsed.dirs" value="/usr/lib/jvm/java-7-oracle/jre/lib/endorsed" />
    <property name="libs.MySQLDriver.classpath" value="/usr/share/netbeans/7.0.1/ide/modules/ext/mysql-connector-java-5.1.13-bin.jar" />
    <property name="libs.junit.maven-pom" value="" />
    <property name="libs.PostgreSQLDriver.src" value="" />
    <property name="src.dir" value="src" />
    <property name="sun.java2d.noddraw" value="true" />
    <property name="debug-args-line" value="-Xdebug" />
    <property name="netbeans.hash.code" value="unique=NBUBU02b54e139-49e8-4404-a1aa-2cc7d287e634_a68d3e7e-2432-4b3f-bd3f-231b7a9cc429" />
    <property name="ant.file.type.myatm" value="file" />
    <property name="build.sysclasspath" value="ignore" />
    <property name="have.sources" value="true" />
    <property name="includes" value="**" />
    <property name="javac.fork" value="false" />
    <property name="source.encoding" value="UTF-8" />
    <property name="libs.swing-app-framework.javadoc" value="" />
    <property name="sun.os.patch.level" value="unknown" />
    <property name="java.vendor.url" value="http://java.oracle.com/" />
    <property name="java.version" value="1.7.0_45" />
    <property name="nb.show.statistics.ui" value="usageStatisticsEnabled" />
    <property name="javac.debug" value="true" />
    <property name="org.openide.major.version" value="IDE/1" />
    <property name="run.classpath" value="mockito-all-1.9.5.jar:/usr/share/netbeans/7.0.1/java/modules/ext/junit-3.8.2.jar:/usr/share/netbeans/7.0.1/platform/modules/ext/junit-4.8.2.jar:build/classes" />
    <property name="libs.PostgreSQLDriver.maven-pom" value="" />
    <property name="java.vendor.url.bug" value="http://bugreport.sun.com/bugreport/" />
    <property name="netbeans.autoupdate.variant" value="" />
    <property name="libs.absolutelayout.javadoc" value="" />
    <property name="libs.junit_4.maven-pom" value="" />
    <property name="netbeans.buildnumber" value="20121011-unknown-revn" />
    <property name="ant.project.invoked-targets" value="test" />
    <property name="jna.platform.library.path" value="/usr/lib/x86_64-linux-gnu:/lib/x86_64-linux-gnu:/lib64:/usr/lib:/lib" />
    <property name="annotation.processing.run.all.processors" value="true" />
    <property name="manifest.file" value="manifest.mf" />
    <property name="libs.swing-app-framework.maven-pom" value="" />
    <property name="user.name" value="sebik" />
    <property name="manifest.available+main.class+mkdist.available" value="true" />
    <property name="empty.dir" value="/home/sebik/NetBeansProjects/myatm/build/empty" />
    <property name="sun.io.unicode.encoding" value="UnicodeLittle" />
    <property name="sun.jnu.encoding" value="UTF-8" />
    <property name="java.runtime.name" value="Java(TM) SE Runtime Environment" />
    <property name="application.vendor" value="sebik" />
    <property name="sun.java2d.pmoffscreen" value="false" />
    <property name="jdk.home" value="/usr/lib/jvm/java-7-oracle" />
    <property name="netbeans.autoupdate.version" value="1.23" />
    <property name="netbeans.dirs" value="/usr/share/netbeans/7.0.1/nb:/usr/share/netbeans/7.0.1/bin/../ergonomics:/usr/share/netbeans/7.0.1/ide:/usr/share/netbeans/7.0.1/java:/usr/share/netbeans/7.0.1/bin/../xml:/usr/share/netbeans/7.0.1/apisupport:/usr/share/netbeans/7.0.1/bin/../webcommon:/usr/share/netbeans/7.0.1/bin/../websvccommon:/usr/share/netbeans/7.0.1/bin/../enterprise:/usr/share/netbeans/7.0.1/bin/../mobility:/usr/share/netbeans/7.0.1/bin/../profiler:/usr/share/netbeans/7.0.1/bin/../ruby:/usr/share/netbeans/7.0.1/bin/../python:/usr/share/netbeans/7.0.1/bin/../php:/usr/share/netbeans/7.0.1/bin/../visualweb:/usr/share/netbeans/7.0.1/bin/../soa:/usr/share/netbeans/7.0.1/bin/../identity:/usr/share/netbeans/7.0.1/bin/../uml:/usr/share/netbeans/7.0.1/harness:/usr/share/netbeans/7.0.1/bin/../cnd:/usr/share/netbeans/7.0.1/bin/../dlight:/usr/share/netbeans/7.0.1/bin/../groovy:/usr/share/netbeans/7.0.1/bin/../extra:/usr/share/netbeans/7.0.1/bin/../javafx:/usr/share/netbeans/7.0.1/bin/../javacard:" />
    <property name="main.class.available" value="true" />
    <property name="java.specification.name" value="Java Platform API Specification" />
    <property name="javadoc.author" value="false" />
    <property name="ap.proc.none.internal" value="" />
    <property name="user.timezone" value="" />
    <property name="netbeans.system_http_non_proxy_hosts" value="" />
    <property name="manifest.available" value="true" />
    <property name="libs.swing-layout.maven-pom" value="" />
    <property name="libs.junit.javadoc" value="/usr/share/doc/junit-doc/doc/api" />
    <property name="org.openide.specification.version" value="6.2" />
    <property name="path.separator" value=":" />
    <property name="version-output" value="java version &quot;1.7" />
    <property name="libs.absolutelayout.classpath" value="/usr/share/netbeans/7.0.1/java/modules/ext/AbsoluteLayout.jar:/home/sebik/NetBeansProjects/myatm/mockito-all-1.9.5.jar" />
    <property name="netbeans.accept_license_class" value="org.netbeans.license.AcceptLicense" />
    <property name="file.encoding" value="UTF-8" />
    <property name="dist.javadoc.dir" value="dist/javadoc" />
    <property name="ant.project.default-target" value="default" />
    <property name="sun.java.command" value="org.apache.tools.ant.taskdefs.optional.junit.JUnitTestRunner myatm.ATMTest filtertrace=true haltOnError=false haltOnFailure=false showoutput=true outputtoformatters=true logfailedtests=true logtestlistenerevents=true formatter=org.apache.tools.ant.taskdefs.optional.junit.BriefJUnitResultFormatter formatter=org.apache.tools.ant.taskdefs.optional.junit.XMLJUnitResultFormatter,/home/sebik/NetBeansProjects/myatm/build/test/results/TEST-myatm.ATMTest.xml crashfile=/home/sebik/NetBeansProjects/myatm/build/junitvmwatcher4699462846837107721.properties propsfile=/home/sebik/NetBeansProjects/myatm/build/junit5613073563631810662.properties" />
    <property name="built-jar.properties" value="/home/sebik/NetBeansProjects/myatm/build/built-jar.properties" />
    <property name="libs.junit.src" value="" />
    <property name="ant.junit.enabletestlistenerevents" value="true" />
    <property name="ant.file" value="/home/sebik/NetBeansProjects/myatm/build.xml" />
    <property name="libs.junit_4.src" value="" />
    <property name="netbeans.autoupdate.language" value="uk" />
    <property name="do.jar" value="true" />
    <property name="java.io.tmpdir" value="/tmp" />
    <property name="build.test.results.dir" value="build/test/results" />
    <property name="user.language" value="uk" />
    <property name="line.separator" value="&#xa;" />
    <property name="apple.laf.useScreenMenuBar" value="true" />
    <property name="libs.absolutelayout.src" value="/home/sebik/NetBeansProjects/myatm/mockito-all-1.9.5.jar" />
    <property name="javac.compilerargs" value="" />
    <property name="jar.compress" value="false" />
    <property name="debug-transport-by-os" value="dt_socket" />
    <property name="libs.JWSAntTasks.src" value="" />
    <property name="java.vm.info" value="mixed mode" />
    <property name="libs.javac-api.maven-pom" value="" />
    <property name="javadoc.private" value="false" />
    <property name="annotation.processing.processors.list" value="" />
    <property name="sun.desktop" value="gnome" />
    <property name="java.vm.specification.name" value="Java Virtual Machine Specification" />
    <property name="build.test.classes.dir" value="build/test/classes" />
    <property name="libs.MySQLDriver.javadoc" value="" />
    <property name="netbeans.dynamic.classpath" value="/usr/share/netbeans/7.0.1/platform/core/org-openide-filesystems.jar:/usr/share/netbeans/7.0.1/platform/core/core.jar:/usr/share/netbeans/7.0.1/nb/core/org-netbeans-upgrader.jar:/usr/share/netbeans/7.0.1/nb/core/locale/core_nb.jar" />
    <property name="manifest.available+main.class" value="true" />
    <property name="libs.beans-binding.javadoc" value="" />
    <property name="platform.active" value="default_platform" />
    <property name="ap.cmd.line.internal" value="" />
    <property name="jdkBug6558476" value="false" />
    <property name="libs.junit_4.javadoc" value="/usr/share/doc/junit4/api" />
    <property name="endorsed.classpath" value="" />
    <property name="netbeans.autoupdate.country" value="UA" />
    <property name="libs.beans-binding.maven-pom" value="" />
    <property name="do.mkdist" value="true" />
    <property name="javadoc.encoding" value="UTF-8" />
    <property name="java.awt.printerjob" value="sun.print.PSPrinterJob" />
    <property name="ap.processors.internal" value="" />
    <property name="do.archive" value="true" />
    <property name="dist.jar" value="dist/myatm.jar" />
    <property name="meta.inf.dir" value="src/META-INF" />
    <property name="ant.version" value="Apache Ant(TM) version 1.9.2 compiled on July 14 2013" />
    <property name="netbeans.home" value="/usr/share/netbeans/7.0.1/platform" />
    <property name="javadoc.nonavbar" value="false" />
    <property name="user.properties.file" value="/home/sebik/.netbeans/7.0/build.properties" />
    <property name="libs.JWSAntTasks.classpath" value="/usr/share/netbeans/7.0.1/java/ant/extra/org-netbeans-modules-javawebstart-anttasks.jar" />
    <property name="netbeans.importclass" value="org.netbeans.upgrade.AutoUpgrade" />
    <property name="annotation.processing.source.output" value="build/generated-sources/ap-source-output" />
    <property name="libs.CopyLibs.maven-pom" value="" />
    <property name="build.generated.dir" value="build/generated" />
    <property name="netbeans.home+have.tests" value="true" />
    <property name="apple.awt.graphics.UseQuartz" value="true" />
    <property name="os.name" value="Linux" />
    <property name="java.specification.vendor" value="Oracle Corporation" />
    <property name="run.test.classpath" value="mockito-all-1.9.5.jar:/usr/share/netbeans/7.0.1/java/modules/ext/junit-3.8.2.jar:/usr/share/netbeans/7.0.1/platform/modules/ext/junit-4.8.2.jar:build/classes:build/test/classes" />
    <property name="do.archive+main.class.available" value="true" />
    <property name="java.vm.name" value="Java HotSpot(TM) 64-Bit Server VM" />
    <property name="libs.CopyLibs.src" value="" />
    <property name="manifest.available-mkdist.available" value="true" />
    <property name="org.openide.version" value="deprecated" />
    <property name="sun.awt.enableExtraMouseButtons" value="true" />
    <property name="libs.junit.classpath" value="/usr/share/netbeans/7.0.1/java/modules/ext/junit-3.8.2.jar" />
    <property name="libs.beans-binding.src" value="" />
    <property name="ap.supported.internal" value="true" />
    <property name="java.library.path" value="/usr/java/packages/lib/amd64:/usr/lib64:/lib64:/lib:/usr/lib" />
    <property name="libs.PostgreSQLDriver.javadoc" value="" />
    <property name="ant.java.version" value="1.7" />
    <property name="java.class.version" value="51.0" />
    <property name="basedir" value="/home/sebik/NetBeansProjects/myatm" />
    <property name="javadoc.noindex" value="false" />
    <property name="sun.awt.exception.handler" value="org.netbeans.core.startup.TopLogging$AWTHandler" />
    <property name="javac.test.classpath" value="mockito-all-1.9.5.jar:/usr/share/netbeans/7.0.1/java/modules/ext/junit-3.8.2.jar:/usr/share/netbeans/7.0.1/platform/modules/ext/junit-4.8.2.jar:build/classes" />
    <property name="javac.processorpath" value="mockito-all-1.9.5.jar:/usr/share/netbeans/7.0.1/java/modules/ext/junit-3.8.2.jar:/usr/share/netbeans/7.0.1/platform/modules/ext/junit-4.8.2.jar" />
    <property name="ant.home" value="/usr/share/netbeans/7.0.1/java/ant" />
    <property name="javadoc.splitindex" value="true" />
    <property name="libs.javac-api.javadoc" value="" />
    <property name="javac.test.processorpath" value="mockito-all-1.9.5.jar:/usr/share/netbeans/7.0.1/java/modules/ext/junit-3.8.2.jar:/usr/share/netbeans/7.0.1/platform/modules/ext/junit-4.8.2.jar:build/classes" />
    <property name="ant.file.myatm-impl" value="/home/sebik/NetBeansProjects/myatm/nbproject/build-impl.xml" />
    <property name="javadoc.preview" value="true" />
    <property name="libs.MySQLDriver.maven-pom" value="" />
    <property name="libs.CopyLibs.javadoc" value="" />
    <property name="libs.PostgreSQLDriver.classpath" value="/usr/share/netbeans/7.0.1/ide/modules/ext/postgresql-8.3-603.jdbc3.jar" />
    <property name="junit.forkmode" value="perTest" />
    <property name="libs.junit_4.classpath" value="/usr/share/netbeans/7.0.1/platform/modules/ext/junit-4.8.2.jar" />
    <property name="build.dir" value="build" />
    <property name="sun.boot.library.path" value="/usr/lib/jvm/java-7-oracle/jre/lib/amd64" />
    <property name="application.title" value="myatm" />
    <property name="sun.management.compiler" value="HotSpot 64-Bit Tiered Compilers" />
    <property name="libs.swing-app-framework.classpath" value="/usr/share/netbeans/7.0.1/java/modules/ext/appframework-1.0.3.jar" />
    <property name="java.awt.graphicsenv" value="sun.awt.X11GraphicsEnvironment" />
    <property name="javadoc.encoding.used" value="UTF-8" />
    <property name="javadoc.windowtitle" value="" />
    <property name="ant.file.myatm" value="/home/sebik/NetBeansProjects/myatm/build.xml" />
    <property name="annotation.processing.enabled" value="true" />
    <property name="build.generated.sources.dir" value="build/generated-sources" />
    <property name="run.jvmargs" value="" />
    <property name="build.compiler.emacs" value="true" />
    <property name="ant.project.name" value="myatm" />
    <property name="libs.swing-layout.classpath" value="/usr/share/netbeans/7.0.1/platform/modules/ext/swing-layout-1.0.4.jar" />
    <property name="java.vm.specification.version" value="1.7" />
    <property name="work.dir" value="/home/sebik/NetBeansProjects/myatm" />
    <property name="awt.toolkit" value="sun.awt.X11.XToolkit" />
    <property name="javadoc.use" value="true" />
    <property name="manifest.available+main.class-mkdist.available" value="true" />
    <property name="sun.cpu.isalist" value="" />
    <property name="java.ext.dirs" value="/usr/lib/jvm/java-7-oracle/jre/lib/ext:/usr/java/packages/lib/ext" />
    <property name="os.version" value="3.11.0-14-generic" />
    <property name="excludes" value="" />
    <property name="user.home" value="/home/sebik" />
    <property name="org.xml.sax.driver" value="com.sun.org.apache.xerces.internal.jaxp.SAXParserImpl$JAXPSAXParser" />
    <property name="java.vm.vendor" value="Oracle Corporation" />
    <property name="libs.absolutelayout.maven-pom" value="" />
    <property name="user.dir" value="/home/sebik/NetBeansProjects/myatm" />
    <property name="debug-transport" value="dt_socket" />
    <property name="application.args" value="" />
    <property name="sun.cpu.endian" value="little" />
    <property name="compile.on.save" value="true" />
    <property name="ignore.failing.tests" value="true" />
    <property name="endorsed.classpath.cmd.line.arg" value="" />
    <property name="jar.index" value="false" />
    <property name="libs.MySQLDriver.src" value="" />
    <property name="java.vm.version" value="24.45-b08" />
    <property name="java.class.path" value="/home/sebik/NetBeansProjects/myatm/mockito-all-1.9.5.jar:/usr/share/netbeans/7.0.1/java/modules/ext/junit-3.8.2.jar:/usr/share/netbeans/7.0.1/platform/modules/ext/junit-4.8.2.jar:/home/sebik/NetBeansProjects/myatm/build/classes:/home/sebik/NetBeansProjects/myatm/build/test/classes:/usr/share/netbeans/7.0.1/java/ant/lib/junit.jar:/usr/share/netbeans/7.0.1/java/ant/lib/ant-launcher.jar:/usr/share/netbeans/7.0.1/java/ant/lib/ant.jar:/usr/share/netbeans/7.0.1/java/ant/lib/ant-junit.jar:/usr/share/netbeans/7.0.1/java/ant/lib/ant-junit4.jar" />
    <property name="annotation.processing.processor.options" value="" />
    <property name="os.arch" value="amd64" />
    <property name="javac.deprecation" value="false" />
    <property name="build.classes.excludes" value="**/*.java,**/*.form" />
    <property name="dist.dir" value="dist" />
    <property name="debug.classpath" value="mockito-all-1.9.5.jar:/usr/share/netbeans/7.0.1/java/modules/ext/junit-3.8.2.jar:/usr/share/netbeans/7.0.1/platform/modules/ext/junit-4.8.2.jar:build/classes" />
    <property name="netbeans.user" value="/home/sebik/.netbeans/7.0" />
    <property name="sun.java.launcher" value="SUN_STANDARD" />
    <property name="jar.index.metainf" value="false" />
    <property name="annotation.processing.enabled.in.editor" value="false" />
    <property name="ant.core.lib" value="/usr/share/netbeans/7.0.1/java/ant/lib/ant.jar" />
    <property name="java.vm.specification.vendor" value="Oracle Corporation" />
    <property name="do.depend" value="false" />
    <property name="file.separator" value="/" />
    <property name="java.runtime.version" value="1.7.0_45-b18" />
    <property name="sun.boot.class.path" value="/usr/lib/jvm/java-7-oracle/jre/lib/resources.jar:/usr/lib/jvm/java-7-oracle/jre/lib/rt.jar:/usr/lib/jvm/java-7-oracle/jre/lib/sunrsasign.jar:/usr/lib/jvm/java-7-oracle/jre/lib/jsse.jar:/usr/lib/jvm/java-7-oracle/jre/lib/jce.jar:/usr/lib/jvm/java-7-oracle/jre/lib/charsets.jar:/usr/lib/jvm/java-7-oracle/jre/lib/jfr.jar:/usr/lib/jvm/java-7-oracle/jre/classes" />
    <property name="debug.test.classpath" value="mockito-all-1.9.5.jar:/usr/share/netbeans/7.0.1/java/modules/ext/junit-3.8.2.jar:/usr/share/netbeans/7.0.1/platform/modules/ext/junit-4.8.2.jar:build/classes:build/test/classes" />
    <property name="libs.beans-binding.classpath" value="/usr/share/netbeans/7.0.1/java/modules/ext/beansbinding-1.2.1.jar" />
    <property name="have.tests" value="true" />
    <property name="main.class" value="myatm.MyATM" />
    <property name="libs.JWSAntTasks.maven-pom" value="" />
    <property name="java.util.logging.config.class" value="org.netbeans.core.startup.TopLogging" />
    <property name="libs.javac-api.classpath" value="/usr/share/netbeans/7.0.1/java/modules/ext/javac-api-nb-7.0-b07.jar" />
    <property name="file.reference.mockito-all-1.9.5.jar" value="mockito-all-1.9.5.jar" />
    <property name="user.country" value="UA" />
    <property name="javadoc.notree" value="false" />
    <property name="javadoc.additionalparam" value="" />
    <property name="javac.classpath" value="mockito-all-1.9.5.jar:/usr/share/netbeans/7.0.1/java/modules/ext/junit-3.8.2.jar:/usr/share/netbeans/7.0.1/platform/modules/ext/junit-4.8.2.jar" />
    <property name="default.javac.target" value="1.7" />
    <property name="build.classes.dir" value="build/classes" />
    <property name="do.archive+manifest.available" value="true" />
    <property name="libs.swing-layout.javadoc" value="" />
    <property name="libs.swing-layout.src" value="" />
    <property name="java.vendor" value="Oracle Corporation" />
    <property name="javac.target" value="1.6" />
    <property name="runtime.encoding" value="UTF-8" />
    <property name="ant.file.type.myatm-impl" value="file" />
    <property name="libs.swing-app-framework.src" value="" />
    <property name="java.specification.version" value="1.7" />
    <property name="libs.JWSAntTasks.javadoc" value="" />
    <property name="sun.arch.data.model" value="64" />
    <property name="mkdist.disabled" value="false" />
  </properties>
  <testcase classname="myatm.ATMTest" name="CheckBalance_valuesOK_BalanceGiven" time="0.184" />
  <testcase classname="myatm.ATMTest" name="ValidateCard_valuesBLockedAndPaswWrong_validationFalse" time="0.001" />
  <testcase classname="myatm.ATMTest" name="GetMoneyInATM_valuesOK_MoneyAreShown" time="0.0" />
  <testcase classname="myatm.ATMTest" name="GetCash_noMoneyAcc_ExceptionNotEnoughMoneyInAccount" time="0.002" />
  <testcase classname="myatm.ATMTest" name="ValidateCard_valuesOK_validationTrue" time="0.002" />
  <testcase classname="myatm.ATMTest" name="GetCash_valuesOK_getBalanceAtLeastOnce" time="0.01" />
  <testcase classname="myatm.ATMTest" name="GetCash_noMoneyATM_ExceptionNotEnoughMoneyInATM" time="0.001" />
  <testcase classname="myatm.ATMTest" name="ValidateCard_cardIsBlocked_ExceptionNoCardInserted" time="0.002" />
  <testcase classname="myatm.ATMTest" name="GetCash_valuesOK_CashGot" time="0.002" />
  <system-out><![CDATA[ValidateCard_valuesOK_validationTrue
CheckBalance_valuesOK_BalanceGiven
ValidateCard_valuesBLockedAndPaswWrong_validationFalse
GetMoneyInATM_valuesOK_MoneyAreShown
ValidateCard_valuesOK_validationTrue
GetCash_noMoneyAcc_ExceptionNotEnoughMoneyInAccount
ValidateCard_valuesOK_validationTrue
ValidateCard_valuesOK_validationTrue
GetCash_valuesOK_CashGot
ValidateCard_valuesOK_validationTrue
GetCash_noMoneyATM_ExceptionNotEnoughMoneyInATM
ValidateCard_cardIsBlocked_ExceptionNoCardInserted
ValidateCard_valuesOK_validationTrue
GetCash_valuesOK_CashGot
]]></system-out>
  <system-err><![CDATA[]]></system-err>
</testsuite>
